Flow report for Practical5
Thu Apr 18 19:15:25 2024
Quartus II 64-Bit Version 13.1.0 Build 162 10/23/2013 SJ Web Edition


---------------------
; Table of Contents ;
---------------------
  1. Legal Notice
  2. Flow Summary
  3. Flow Settings
  4. Flow Non-Default Global Settings
  5. Flow Elapsed Time
  6. Flow OS Summary
  7. Flow Log
  8. Flow Messages
  9. Flow Suppressed Messages



----------------
; Legal Notice ;
----------------
Copyright (C) 1991-2013 Altera Corporation
Your use of Altera Corporation's design tools, logic functions 
and other software and tools, and its AMPP partner logic 
functions, and any output files from any of the foregoing 
(including device programming or simulation files), and any 
associated documentation or information are expressly subject 
to the terms and conditions of the Altera Program License 
Subscription Agreement, Altera MegaCore Function License 
Agreement, or other applicable license agreement, including, 
without limitation, that your use is for the sole purpose of 
programming logic devices manufactured by Altera and sold by 
Altera or its authorized distributors.  Please refer to the 
applicable agreement for further details.



+--------------------------------------------------------------------------------+
; Flow Summary                                                                   ;
+-----------------------------------+--------------------------------------------+
; Flow Status                       ; Successful - Thu Apr 18 19:15:25 2024      ;
; Quartus II 64-Bit Version         ; 13.1.0 Build 162 10/23/2013 SJ Web Edition ;
; Revision Name                     ; Practical5                                 ;
; Top-level Entity Name             ; MIPS_CPU_MULTI_CYCLE                       ;
; Family                            ; Arria II GX                                ;
; Logic utilization                 ; < 1 %                                      ;
;     Combinational ALUTs           ; 217 / 36,100 ( < 1 % )                     ;
;     Memory ALUTs                  ; 0 / 18,050 ( 0 % )                         ;
;     Dedicated logic registers     ; 172 / 36,100 ( < 1 % )                     ;
; Total registers                   ; 172                                        ;
; Total pins                        ; 108 / 176 ( 61 % )                         ;
; Total virtual pins                ; 0                                          ;
; Total block memory bits           ; 53,248 / 2,939,904 ( 2 % )                 ;
; DSP block 18-bit elements         ; 0 / 232 ( 0 % )                            ;
; Total GXB Receiver Channel PCS    ; 0 / 4 ( 0 % )                              ;
; Total GXB Receiver Channel PMA    ; 0 / 4 ( 0 % )                              ;
; Total GXB Transmitter Channel PCS ; 0 / 4 ( 0 % )                              ;
; Total GXB Transmitter Channel PMA ; 0 / 4 ( 0 % )                              ;
; Total PLLs                        ; 0 / 4 ( 0 % )                              ;
; Total DLLs                        ; 0 / 2 ( 0 % )                              ;
; Device                            ; EP2AGX45CU17I3                             ;
; Timing Models                     ; Final                                      ;
+-----------------------------------+--------------------------------------------+


+-----------------------------------------+
; Flow Settings                           ;
+-------------------+---------------------+
; Option            ; Setting             ;
+-------------------+---------------------+
; Start date & time ; 04/18/2024 19:14:47 ;
; Main task         ; Compilation         ;
; Revision Name     ; Practical5          ;
+-------------------+---------------------+


+----------------------------------------------------------------------------------------------------------------------------------------------------------------------------+
; Flow Non-Default Global Settings                                                                                                                                           ;
+-------------------------------------+------------------------------------------------------------------------------+---------------+----------------------+----------------+
; Assignment Name                     ; Value                                                                        ; Default Value ; Entity Name          ; Section Id     ;
+-------------------------------------+------------------------------------------------------------------------------+---------------+----------------------+----------------+
; COMPILER_SIGNATURE_ID               ; 96830612122954.171345508701564                                               ; --            ; --                   ; --             ;
; EDA_GENERATE_FUNCTIONAL_NETLIST     ; On                                                                           ; --            ; --                   ; eda_simulation ;
; EDA_NETLIST_WRITER_OUTPUT_DIR       ; D:/Sharif/Term4/ComputerArchitecture/Tamrin6/Sana/practical/simulation/qsim/ ; --            ; --                   ; eda_simulation ;
; EDA_OUTPUT_DATA_FORMAT              ; Verilog Hdl                                                                  ; --            ; --                   ; eda_simulation ;
; EDA_SIMULATION_TOOL                 ; ModelSim-Altera (Verilog)                                                    ; <None>        ; --                   ; --             ;
; IP_TOOL_NAME                        ; LPM_DECODE                                                                   ; --            ; --                   ; --             ;
; IP_TOOL_NAME                        ; LPM_MUX                                                                      ; --            ; --                   ; --             ;
; IP_TOOL_NAME                        ; LPM_MUX                                                                      ; --            ; --                   ; --             ;
; IP_TOOL_NAME                        ; LPM_MUX                                                                      ; --            ; --                   ; --             ;
; IP_TOOL_NAME                        ; LPM_MUX                                                                      ; --            ; --                   ; --             ;
; IP_TOOL_NAME                        ; LPM_CLSHIFT                                                                  ; --            ; --                   ; --             ;
; IP_TOOL_NAME                        ; LPM_DECODE                                                                   ; --            ; --                   ; --             ;
; IP_TOOL_NAME                        ; LPM_COUNTER                                                                  ; --            ; --                   ; --             ;
; IP_TOOL_NAME                        ; LPM_MUX                                                                      ; --            ; --                   ; --             ;
; IP_TOOL_NAME                        ; LPM_CONSTANT                                                                 ; --            ; --                   ; --             ;
; IP_TOOL_NAME                        ; LPM_COUNTER                                                                  ; --            ; --                   ; --             ;
; IP_TOOL_NAME                        ; LPM_DECODE                                                                   ; --            ; --                   ; --             ;
; IP_TOOL_NAME                        ; LPM_COUNTER                                                                  ; --            ; --                   ; --             ;
; IP_TOOL_NAME                        ; LPM_MUX                                                                      ; --            ; --                   ; --             ;
; IP_TOOL_NAME                        ; LPM_MUX                                                                      ; --            ; --                   ; --             ;
; IP_TOOL_NAME                        ; LPM_MUX                                                                      ; --            ; --                   ; --             ;
; IP_TOOL_NAME                        ; LPM_MUX                                                                      ; --            ; --                   ; --             ;
; IP_TOOL_NAME                        ; LPM_MUX                                                                      ; --            ; --                   ; --             ;
; IP_TOOL_NAME                        ; LPM_CONSTANT                                                                 ; --            ; --                   ; --             ;
; IP_TOOL_NAME                        ; LPM_CONSTANT                                                                 ; --            ; --                   ; --             ;
; IP_TOOL_NAME                        ; LPM_MUX                                                                      ; --            ; --                   ; --             ;
; IP_TOOL_NAME                        ; LPM_CONSTANT                                                                 ; --            ; --                   ; --             ;
; IP_TOOL_NAME                        ; LPM_CONSTANT                                                                 ; --            ; --                   ; --             ;
; IP_TOOL_VERSION                     ; 13.1                                                                         ; --            ; --                   ; --             ;
; IP_TOOL_VERSION                     ; 13.1                                                                         ; --            ; --                   ; --             ;
; IP_TOOL_VERSION                     ; 13.1                                                                         ; --            ; --                   ; --             ;
; IP_TOOL_VERSION                     ; 13.1                                                                         ; --            ; --                   ; --             ;
; IP_TOOL_VERSION                     ; 13.1                                                                         ; --            ; --                   ; --             ;
; IP_TOOL_VERSION                     ; 13.1                                                                         ; --            ; --                   ; --             ;
; IP_TOOL_VERSION                     ; 13.1                                                                         ; --            ; --                   ; --             ;
; IP_TOOL_VERSION                     ; 13.1                                                                         ; --            ; --                   ; --             ;
; IP_TOOL_VERSION                     ; 13.1                                                                         ; --            ; --                   ; --             ;
; IP_TOOL_VERSION                     ; 13.1                                                                         ; --            ; --                   ; --             ;
; IP_TOOL_VERSION                     ; 13.1                                                                         ; --            ; --                   ; --             ;
; IP_TOOL_VERSION                     ; 13.1                                                                         ; --            ; --                   ; --             ;
; IP_TOOL_VERSION                     ; 13.1                                                                         ; --            ; --                   ; --             ;
; IP_TOOL_VERSION                     ; 13.1                                                                         ; --            ; --                   ; --             ;
; IP_TOOL_VERSION                     ; 13.1                                                                         ; --            ; --                   ; --             ;
; IP_TOOL_VERSION                     ; 13.1                                                                         ; --            ; --                   ; --             ;
; IP_TOOL_VERSION                     ; 13.1                                                                         ; --            ; --                   ; --             ;
; IP_TOOL_VERSION                     ; 13.1                                                                         ; --            ; --                   ; --             ;
; IP_TOOL_VERSION                     ; 13.1                                                                         ; --            ; --                   ; --             ;
; IP_TOOL_VERSION                     ; 13.1                                                                         ; --            ; --                   ; --             ;
; IP_TOOL_VERSION                     ; 13.1                                                                         ; --            ; --                   ; --             ;
; IP_TOOL_VERSION                     ; 13.1                                                                         ; --            ; --                   ; --             ;
; IP_TOOL_VERSION                     ; 13.1                                                                         ; --            ; --                   ; --             ;
; MISC_FILE                           ; ALU/CU_Decoder.bsf                                                           ; --            ; --                   ; --             ;
; MISC_FILE                           ; ALU/CU_Decoder.cmp                                                           ; --            ; --                   ; --             ;
; MISC_FILE                           ; digit_extend_mux.bsf                                                         ; --            ; --                   ; --             ;
; MISC_FILE                           ; digit_extend_mux.cmp                                                         ; --            ; --                   ; --             ;
; MISC_FILE                           ; Write_Register_MUX.bsf                                                       ; --            ; --                   ; --             ;
; MISC_FILE                           ; Write_Register_MUX.cmp                                                       ; --            ; --                   ; --             ;
; MISC_FILE                           ; DataWriteMux.bsf                                                             ; --            ; --                   ; --             ;
; MISC_FILE                           ; DataWriteMux.cmp                                                             ; --            ; --                   ; --             ;
; MISC_FILE                           ; ALU_SRC_MUX.bsf                                                              ; --            ; --                   ; --             ;
; MISC_FILE                           ; ALU_SRC_MUX.cmp                                                              ; --            ; --                   ; --             ;
; MISC_FILE                           ; SHIFT_LEFT_2.bsf                                                             ; --            ; --                   ; --             ;
; MISC_FILE                           ; SHIFT_LEFT_2.cmp                                                             ; --            ; --                   ; --             ;
; MISC_FILE                           ; CPU_clock_decode.bsf                                                         ; --            ; --                   ; --             ;
; MISC_FILE                           ; CPU_clock_decode.cmp                                                         ; --            ; --                   ; --             ;
; MISC_FILE                           ; CPU_clock_counter.bsf                                                        ; --            ; --                   ; --             ;
; MISC_FILE                           ; CPU_clock_counter.cmp                                                        ; --            ; --                   ; --             ;
; MISC_FILE                           ; Branch_MUX.bsf                                                               ; --            ; --                   ; --             ;
; MISC_FILE                           ; Branch_MUX.cmp                                                               ; --            ; --                   ; --             ;
; MISC_FILE                           ; number_seven.bsf                                                             ; --            ; --                   ; --             ;
; MISC_FILE                           ; number_seven.cmp                                                             ; --            ; --                   ; --             ;
; MISC_FILE                           ; CPU_clock_designer_with_multiply.bsf                                         ; --            ; --                   ; --             ;
; MISC_FILE                           ; CPU_clock_designer_with_multiply.cmp                                         ; --            ; --                   ; --             ;
; MISC_FILE                           ; CPU_clock_decoder_with_multiply.bsf                                          ; --            ; --                   ; --             ;
; MISC_FILE                           ; CPU_clock_decoder_with_multiply.cmp                                          ; --            ; --                   ; --             ;
; MISC_FILE                           ; CPU_clock_designer_13.bsf                                                    ; --            ; --                   ; --             ;
; MISC_FILE                           ; CPU_clock_designer_13.cmp                                                    ; --            ; --                   ; --             ;
; MISC_FILE                           ; ALU_Operand2_MUX.bsf                                                         ; --            ; --                   ; --             ;
; MISC_FILE                           ; ALU_Operand2_MUX.cmp                                                         ; --            ; --                   ; --             ;
; MISC_FILE                           ; PCSoruce_MUX.bsf                                                             ; --            ; --                   ; --             ;
; MISC_FILE                           ; PCSoruce_MUX.cmp                                                             ; --            ; --                   ; --             ;
; MISC_FILE                           ; PCSource_MUX.bsf                                                             ; --            ; --                   ; --             ;
; MISC_FILE                           ; PCSource_MUX.cmp                                                             ; --            ; --                   ; --             ;
; MISC_FILE                           ; IorD_MUX.bsf                                                                 ; --            ; --                   ; --             ;
; MISC_FILE                           ; IorD_MUX.cmp                                                                 ; --            ; --                   ; --             ;
; MISC_FILE                           ; IS_R_TYPE_MUX.bsf                                                            ; --            ; --                   ; --             ;
; MISC_FILE                           ; IS_R_TYPE_MUX.cmp                                                            ; --            ; --                   ; --             ;
; MISC_FILE                           ; number_zero.bsf                                                              ; --            ; --                   ; --             ;
; MISC_FILE                           ; number_zero.cmp                                                              ; --            ; --                   ; --             ;
; MISC_FILE                           ; number_zero_3bit.bsf                                                         ; --            ; --                   ; --             ;
; MISC_FILE                           ; number_zero_3bit.cmp                                                         ; --            ; --                   ; --             ;
; MISC_FILE                           ; CLOCK_ADDER.bsf                                                              ; --            ; --                   ; --             ;
; MISC_FILE                           ; CLOCK_ADDER.cmp                                                              ; --            ; --                   ; --             ;
; MISC_FILE                           ; number_zero_24bit.bsf                                                        ; --            ; --                   ; --             ;
; MISC_FILE                           ; number_zero_24bit.cmp                                                        ; --            ; --                   ; --             ;
; MISC_FILE                           ; number_one_24bit.bsf                                                         ; --            ; --                   ; --             ;
; MISC_FILE                           ; number_one_24bit.cmp                                                         ; --            ; --                   ; --             ;
; PARTITION_COLOR                     ; 16764057                                                                     ; --            ; MIPS_CPU_MULTI_CYCLE ; Top            ;
; PARTITION_FITTER_PRESERVATION_LEVEL ; PLACEMENT_AND_ROUTING                                                        ; --            ; MIPS_CPU_MULTI_CYCLE ; Top            ;
; PARTITION_NETLIST_TYPE              ; SOURCE                                                                       ; --            ; MIPS_CPU_MULTI_CYCLE ; Top            ;
; PROJECT_OUTPUT_DIRECTORY            ; output_files                                                                 ; --            ; --                   ; --             ;
; TOP_LEVEL_ENTITY                    ; MIPS_CPU_MULTI_CYCLE                                                         ; Practical5    ; --                   ; --             ;
+-------------------------------------+------------------------------------------------------------------------------+---------------+----------------------+----------------+


+-------------------------------------------------------------------------------------------------------------------------------+
; Flow Elapsed Time                                                                                                             ;
+---------------------------+--------------+-------------------------+---------------------+------------------------------------+
; Module Name               ; Elapsed Time ; Average Processors Used ; Peak Virtual Memory ; Total CPU Time (on all processors) ;
+---------------------------+--------------+-------------------------+---------------------+------------------------------------+
; Analysis & Synthesis      ; 00:00:04     ; 1.0                     ; 4815 MB             ; 00:00:05                           ;
; Fitter                    ; 00:00:14     ; 1.2                     ; 6265 MB             ; 00:00:22                           ;
; Assembler                 ; 00:00:03     ; 1.0                     ; 4704 MB             ; 00:00:03                           ;
; TimeQuest Timing Analyzer ; 00:00:05     ; 1.0                     ; 4934 MB             ; 00:00:04                           ;
; EDA Netlist Writer        ; 00:00:01     ; 1.0                     ; 4627 MB             ; 00:00:01                           ;
; EDA Netlist Writer        ; 00:00:02     ; 1.0                     ; 4633 MB             ; 00:00:01                           ;
; EDA Netlist Writer        ; 00:00:01     ; 1.0                     ; 4649 MB             ; 00:00:01                           ;
; Total                     ; 00:00:30     ; --                      ; --                  ; 00:00:37                           ;
+---------------------------+--------------+-------------------------+---------------------+------------------------------------+


+----------------------------------------------------------------------------------------+
; Flow OS Summary                                                                        ;
+---------------------------+------------------+-----------+------------+----------------+
; Module Name               ; Machine Hostname ; OS Name   ; OS Version ; Processor type ;
+---------------------------+------------------+-----------+------------+----------------+
; Analysis & Synthesis      ; DESKTOP-1NUEUNE  ; Windows 7 ; 6.2        ; x86_64         ;
; Fitter                    ; DESKTOP-1NUEUNE  ; Windows 7 ; 6.2        ; x86_64         ;
; Assembler                 ; DESKTOP-1NUEUNE  ; Windows 7 ; 6.2        ; x86_64         ;
; TimeQuest Timing Analyzer ; DESKTOP-1NUEUNE  ; Windows 7 ; 6.2        ; x86_64         ;
; EDA Netlist Writer        ; DESKTOP-1NUEUNE  ; Windows 7 ; 6.2        ; x86_64         ;
; EDA Netlist Writer        ; DESKTOP-1NUEUNE  ; Windows 7 ; 6.2        ; x86_64         ;
; EDA Netlist Writer        ; DESKTOP-1NUEUNE  ; Windows 7 ; 6.2        ; x86_64         ;
+---------------------------+------------------+-----------+------------+----------------+


------------
; Flow Log ;
------------
quartus_map --read_settings_files=on --write_settings_files=off Practical5 -c Practical5
quartus_fit --read_settings_files=off --write_settings_files=off Practical5 -c Practical5
quartus_asm --read_settings_files=off --write_settings_files=off Practical5 -c Practical5
quartus_sta Practical5 -c Practical5
quartus_eda --read_settings_files=off --write_settings_files=off Practical5 -c Practical5
quartus_eda --gen_testbench --check_outputs=on --tool=modelsim_oem --format=verilog Practical5 -c Practical5 --vector_source=D:/Sharif/Term4/ComputerArchitecture/Tamrin6/Sana/practical/CPU_Test.vwf --testbench_file=D:/Sharif/Term4/ComputerArchitecture/Tamrin6/Sana/practical/simulation/qsim/CPU_Test.vwf.vt
quartus_eda --functional=on --flatten_buses=off --simulation=on --tool=modelsim_oem --format=verilog --output_directory=D:/Sharif/Term4/ComputerArchitecture/Tamrin6/Sana/practical/simulation/qsim/ Practical5 -c Practical5



