Flow report for Practical3
Sun Mar 31 13:34:21 2024
Quartus II 64-Bit Version 13.1.0 Build 162 10/23/2013 SJ Web Edition


---------------------
; Table of Contents ;
---------------------
  1. Legal Notice
  2. Flow Summary
  3. Flow Settings
  4. Flow Non-Default Global Settings
  5. Flow Elapsed Time
  6. Flow OS Summary
  7. Flow Log
  8. Flow Messages
  9. Flow Suppressed Messages



----------------
; Legal Notice ;
----------------
Copyright (C) 1991-2013 Altera Corporation
Your use of Altera Corporation's design tools, logic functions 
and other software and tools, and its AMPP partner logic 
functions, and any output files from any of the foregoing 
(including device programming or simulation files), and any 
associated documentation or information are expressly subject 
to the terms and conditions of the Altera Program License 
Subscription Agreement, Altera MegaCore Function License 
Agreement, or other applicable license agreement, including, 
without limitation, that your use is for the sole purpose of 
programming logic devices manufactured by Altera and sold by 
Altera or its authorized distributors.  Please refer to the 
applicable agreement for further details.



+------------------------------------------------------------------------+
; Flow Summary                                                           ;
+---------------------------+--------------------------------------------+
; Flow Status               ; Successful - Sun Mar 31 13:34:21 2024      ;
; Quartus II 64-Bit Version ; 13.1.0 Build 162 10/23/2013 SJ Web Edition ;
; Revision Name             ; Practical3                                 ;
; Top-level Entity Name     ; Practical3                                 ;
; Family                    ; MAX II                                     ;
; Total logic elements      ; 122 / 240 ( 51 % )                         ;
; Total pins                ; 48 / 80 ( 60 % )                           ;
; Total virtual pins        ; 0                                          ;
; UFM blocks                ; 0 / 1 ( 0 % )                              ;
; Device                    ; EPM240T100C3                               ;
; Timing Models             ; Final                                      ;
+---------------------------+--------------------------------------------+


+-----------------------------------------+
; Flow Settings                           ;
+-------------------+---------------------+
; Option            ; Setting             ;
+-------------------+---------------------+
; Start date & time ; 03/31/2024 13:33:42 ;
; Main task         ; Compilation         ;
; Revision Name     ; Practical3          ;
+-------------------+---------------------+


+----------------------------------------------------------------------------------------------------------------------------------------------------------+
; Flow Non-Default Global Settings                                                                                                                         ;
+---------------------------------+-------------------------------------------------------------------------+---------------+-------------+----------------+
; Assignment Name                 ; Value                                                                   ; Default Value ; Entity Name ; Section Id     ;
+---------------------------------+-------------------------------------------------------------------------+---------------+-------------+----------------+
; COMPILER_SIGNATURE_ID           ; 96830612122954.171187942209908                                          ; --            ; --          ; --             ;
; EDA_GENERATE_FUNCTIONAL_NETLIST ; On                                                                      ; --            ; --          ; eda_simulation ;
; EDA_NETLIST_WRITER_OUTPUT_DIR   ; D:/Sharif/Term4/ComputerArchitecture/Tamrin3/Practical/simulation/qsim/ ; --            ; --          ; eda_simulation ;
; EDA_OUTPUT_DATA_FORMAT          ; Verilog Hdl                                                             ; --            ; --          ; eda_simulation ;
; EDA_SIMULATION_TOOL             ; ModelSim-Altera (Verilog)                                               ; <None>        ; --          ; --             ;
; IP_TOOL_NAME                    ; LPM_DECODE                                                              ; --            ; --          ; --             ;
; IP_TOOL_NAME                    ; LPM_MUX                                                                 ; --            ; --          ; --             ;
; IP_TOOL_NAME                    ; LPM_COMPARE                                                             ; --            ; --          ; --             ;
; IP_TOOL_NAME                    ; LPM_MUX                                                                 ; --            ; --          ; --             ;
; IP_TOOL_NAME                    ; LPM_COUNTER                                                             ; --            ; --          ; --             ;
; IP_TOOL_NAME                    ; LPM_CLSHIFT                                                             ; --            ; --          ; --             ;
; IP_TOOL_NAME                    ; LPM_COMPARE                                                             ; --            ; --          ; --             ;
; IP_TOOL_NAME                    ; LPM_MUX                                                                 ; --            ; --          ; --             ;
; IP_TOOL_NAME                    ; LPM_MUX                                                                 ; --            ; --          ; --             ;
; IP_TOOL_NAME                    ; LPM_MUX                                                                 ; --            ; --          ; --             ;
; IP_TOOL_NAME                    ; LPM_MUX                                                                 ; --            ; --          ; --             ;
; IP_TOOL_NAME                    ; LPM_ADD_SUB                                                             ; --            ; --          ; --             ;
; IP_TOOL_NAME                    ; LPM_CLSHIFT                                                             ; --            ; --          ; --             ;
; IP_TOOL_NAME                    ; LPM_MUX                                                                 ; --            ; --          ; --             ;
; IP_TOOL_NAME                    ; LPM_MUX                                                                 ; --            ; --          ; --             ;
; IP_TOOL_NAME                    ; LPM_MUX                                                                 ; --            ; --          ; --             ;
; IP_TOOL_NAME                    ; LPM_MUX                                                                 ; --            ; --          ; --             ;
; IP_TOOL_NAME                    ; LPM_MUX                                                                 ; --            ; --          ; --             ;
; IP_TOOL_NAME                    ; LPM_DECODE                                                              ; --            ; --          ; --             ;
; IP_TOOL_NAME                    ; LPM_DECODE                                                              ; --            ; --          ; --             ;
; IP_TOOL_VERSION                 ; 13.1                                                                    ; --            ; --          ; --             ;
; IP_TOOL_VERSION                 ; 13.1                                                                    ; --            ; --          ; --             ;
; IP_TOOL_VERSION                 ; 13.1                                                                    ; --            ; --          ; --             ;
; IP_TOOL_VERSION                 ; 13.1                                                                    ; --            ; --          ; --             ;
; IP_TOOL_VERSION                 ; 13.1                                                                    ; --            ; --          ; --             ;
; IP_TOOL_VERSION                 ; 13.1                                                                    ; --            ; --          ; --             ;
; IP_TOOL_VERSION                 ; 13.1                                                                    ; --            ; --          ; --             ;
; IP_TOOL_VERSION                 ; 13.1                                                                    ; --            ; --          ; --             ;
; IP_TOOL_VERSION                 ; 13.1                                                                    ; --            ; --          ; --             ;
; IP_TOOL_VERSION                 ; 13.1                                                                    ; --            ; --          ; --             ;
; IP_TOOL_VERSION                 ; 13.1                                                                    ; --            ; --          ; --             ;
; IP_TOOL_VERSION                 ; 13.1                                                                    ; --            ; --          ; --             ;
; IP_TOOL_VERSION                 ; 13.1                                                                    ; --            ; --          ; --             ;
; IP_TOOL_VERSION                 ; 13.1                                                                    ; --            ; --          ; --             ;
; IP_TOOL_VERSION                 ; 13.1                                                                    ; --            ; --          ; --             ;
; IP_TOOL_VERSION                 ; 13.1                                                                    ; --            ; --          ; --             ;
; IP_TOOL_VERSION                 ; 13.1                                                                    ; --            ; --          ; --             ;
; IP_TOOL_VERSION                 ; 13.1                                                                    ; --            ; --          ; --             ;
; IP_TOOL_VERSION                 ; 13.1                                                                    ; --            ; --          ; --             ;
; IP_TOOL_VERSION                 ; 13.1                                                                    ; --            ; --          ; --             ;
; MISC_FILE                       ; lpm_decode0.bsf                                                         ; --            ; --          ; --             ;
; MISC_FILE                       ; lpm_decode0.cmp                                                         ; --            ; --          ; --             ;
; MISC_FILE                       ; lpm_mux0.bsf                                                            ; --            ; --          ; --             ;
; MISC_FILE                       ; lpm_mux0.cmp                                                            ; --            ; --          ; --             ;
; MISC_FILE                       ; lpm_compare0.bsf                                                        ; --            ; --          ; --             ;
; MISC_FILE                       ; lpm_compare0.cmp                                                        ; --            ; --          ; --             ;
; MISC_FILE                       ; lpm_mux1.bsf                                                            ; --            ; --          ; --             ;
; MISC_FILE                       ; lpm_mux1.cmp                                                            ; --            ; --          ; --             ;
; MISC_FILE                       ; lpm_counter0.bsf                                                        ; --            ; --          ; --             ;
; MISC_FILE                       ; lpm_counter0.cmp                                                        ; --            ; --          ; --             ;
; MISC_FILE                       ; lpm_clshift0.bsf                                                        ; --            ; --          ; --             ;
; MISC_FILE                       ; lpm_clshift0.cmp                                                        ; --            ; --          ; --             ;
; MISC_FILE                       ; lpm_compare1.bsf                                                        ; --            ; --          ; --             ;
; MISC_FILE                       ; lpm_compare1.cmp                                                        ; --            ; --          ; --             ;
; MISC_FILE                       ; lpm_mux2.bsf                                                            ; --            ; --          ; --             ;
; MISC_FILE                       ; lpm_mux2.cmp                                                            ; --            ; --          ; --             ;
; MISC_FILE                       ; lpm_mux3.bsf                                                            ; --            ; --          ; --             ;
; MISC_FILE                       ; lpm_mux3.cmp                                                            ; --            ; --          ; --             ;
; MISC_FILE                       ; lpm_mux4.bsf                                                            ; --            ; --          ; --             ;
; MISC_FILE                       ; lpm_mux4.cmp                                                            ; --            ; --          ; --             ;
; MISC_FILE                       ; lpm_mux5.bsf                                                            ; --            ; --          ; --             ;
; MISC_FILE                       ; lpm_mux5.cmp                                                            ; --            ; --          ; --             ;
; MISC_FILE                       ; lpm_add_sub0.bsf                                                        ; --            ; --          ; --             ;
; MISC_FILE                       ; lpm_add_sub0.cmp                                                        ; --            ; --          ; --             ;
; MISC_FILE                       ; lpm_clshift1.bsf                                                        ; --            ; --          ; --             ;
; MISC_FILE                       ; lpm_clshift1.cmp                                                        ; --            ; --          ; --             ;
; MISC_FILE                       ; lpm_mux6.bsf                                                            ; --            ; --          ; --             ;
; MISC_FILE                       ; lpm_mux6.cmp                                                            ; --            ; --          ; --             ;
; MISC_FILE                       ; lpm_mux7.bsf                                                            ; --            ; --          ; --             ;
; MISC_FILE                       ; lpm_mux7.cmp                                                            ; --            ; --          ; --             ;
; MISC_FILE                       ; lpm_mux8.bsf                                                            ; --            ; --          ; --             ;
; MISC_FILE                       ; lpm_mux8.cmp                                                            ; --            ; --          ; --             ;
; MISC_FILE                       ; lpm_mux9.bsf                                                            ; --            ; --          ; --             ;
; MISC_FILE                       ; lpm_mux9.cmp                                                            ; --            ; --          ; --             ;
; MISC_FILE                       ; lpm_mux10.bsf                                                           ; --            ; --          ; --             ;
; MISC_FILE                       ; lpm_mux10.cmp                                                           ; --            ; --          ; --             ;
; MISC_FILE                       ; lpm_decode1.bsf                                                         ; --            ; --          ; --             ;
; MISC_FILE                       ; lpm_decode1.cmp                                                         ; --            ; --          ; --             ;
; MISC_FILE                       ; decode4_16_e.bsf                                                        ; --            ; --          ; --             ;
; MISC_FILE                       ; decode4_16_e.cmp                                                        ; --            ; --          ; --             ;
; PROJECT_OUTPUT_DIRECTORY        ; output_files                                                            ; --            ; --          ; --             ;
+---------------------------------+-------------------------------------------------------------------------+---------------+-------------+----------------+


+-------------------------------------------------------------------------------------------------------------------------------+
; Flow Elapsed Time                                                                                                             ;
+---------------------------+--------------+-------------------------+---------------------+------------------------------------+
; Module Name               ; Elapsed Time ; Average Processors Used ; Peak Virtual Memory ; Total CPU Time (on all processors) ;
+---------------------------+--------------+-------------------------+---------------------+------------------------------------+
; Analysis & Synthesis      ; 00:00:03     ; 1.0                     ; 4670 MB             ; 00:00:02                           ;
; Fitter                    ; 00:00:02     ; 1.0                     ; 5919 MB             ; 00:00:03                           ;
; Assembler                 ; 00:00:02     ; 1.0                     ; 4562 MB             ; 00:00:01                           ;
; TimeQuest Timing Analyzer ; 00:00:02     ; 1.0                     ; 4597 MB             ; 00:00:01                           ;
; EDA Netlist Writer        ; 00:00:01     ; 1.0                     ; 4530 MB             ; 00:00:01                           ;
; EDA Netlist Writer        ; 00:00:01     ; 1.0                     ; 4550 MB             ; 00:00:01                           ;
; EDA Netlist Writer        ; 00:00:01     ; 1.0                     ; 4550 MB             ; 00:00:01                           ;
; Total                     ; 00:00:12     ; --                      ; --                  ; 00:00:10                           ;
+---------------------------+--------------+-------------------------+---------------------+------------------------------------+


+----------------------------------------------------------------------------------------+
; Flow OS Summary                                                                        ;
+---------------------------+------------------+-----------+------------+----------------+
; Module Name               ; Machine Hostname ; OS Name   ; OS Version ; Processor type ;
+---------------------------+------------------+-----------+------------+----------------+
; Analysis & Synthesis      ; DESKTOP-1NUEUNE  ; Windows 7 ; 6.2        ; x86_64         ;
; Fitter                    ; DESKTOP-1NUEUNE  ; Windows 7 ; 6.2        ; x86_64         ;
; Assembler                 ; DESKTOP-1NUEUNE  ; Windows 7 ; 6.2        ; x86_64         ;
; TimeQuest Timing Analyzer ; DESKTOP-1NUEUNE  ; Windows 7 ; 6.2        ; x86_64         ;
; EDA Netlist Writer        ; DESKTOP-1NUEUNE  ; Windows 7 ; 6.2        ; x86_64         ;
; EDA Netlist Writer        ; DESKTOP-1NUEUNE  ; Windows 7 ; 6.2        ; x86_64         ;
; EDA Netlist Writer        ; DESKTOP-1NUEUNE  ; Windows 7 ; 6.2        ; x86_64         ;
+---------------------------+------------------+-----------+------------+----------------+


------------
; Flow Log ;
------------
quartus_map --read_settings_files=on --write_settings_files=off Practical3 -c Practical3
quartus_fit --read_settings_files=off --write_settings_files=off Practical3 -c Practical3
quartus_asm --read_settings_files=off --write_settings_files=off Practical3 -c Practical3
quartus_sta Practical3 -c Practical3
quartus_eda --read_settings_files=off --write_settings_files=off Practical3 -c Practical3
quartus_eda --gen_testbench --check_outputs=on --tool=modelsim_oem --format=verilog Practical3 -c Practical3 --vector_source=D:/Sharif/Term4/ComputerArchitecture/Tamrin3/Practical/Test1.vwf --testbench_file=D:/Sharif/Term4/ComputerArchitecture/Tamrin3/Practical/simulation/qsim/Test1.vwf.vt
quartus_eda --functional=on --flatten_buses=off --simulation=on --tool=modelsim_oem --format=verilog --output_directory=D:/Sharif/Term4/ComputerArchitecture/Tamrin3/Practical/simulation/qsim/ Practical3 -c Practical3



