Flow report for Practical5
Sat Apr 06 17:41:39 2024
Quartus II 64-Bit Version 13.1.0 Build 162 10/23/2013 SJ Web Edition


---------------------
; Table of Contents ;
---------------------
  1. Legal Notice
  2. Flow Summary
  3. Flow Settings
  4. Flow Non-Default Global Settings
  5. Flow Elapsed Time
  6. Flow OS Summary
  7. Flow Log
  8. Flow Messages
  9. Flow Suppressed Messages



----------------
; Legal Notice ;
----------------
Copyright (C) 1991-2013 Altera Corporation
Your use of Altera Corporation's design tools, logic functions 
and other software and tools, and its AMPP partner logic 
functions, and any output files from any of the foregoing 
(including device programming or simulation files), and any 
associated documentation or information are expressly subject 
to the terms and conditions of the Altera Program License 
Subscription Agreement, Altera MegaCore Function License 
Agreement, or other applicable license agreement, including, 
without limitation, that your use is for the sole purpose of 
programming logic devices manufactured by Altera and sold by 
Altera or its authorized distributors.  Please refer to the 
applicable agreement for further details.



+--------------------------------------------------------------------------------+
; Flow Summary                                                                   ;
+-----------------------------------+--------------------------------------------+
; Flow Status                       ; Successful - Sat Apr 06 17:41:39 2024      ;
; Quartus II 64-Bit Version         ; 13.1.0 Build 162 10/23/2013 SJ Web Edition ;
; Revision Name                     ; Practical5                                 ;
; Top-level Entity Name             ; MIPS_CPU                                   ;
; Family                            ; Arria II GX                                ;
; Logic utilization                 ; 1 %                                        ;
;     Combinational ALUTs           ; 266 / 36,100 ( < 1 % )                     ;
;     Memory ALUTs                  ; 0 / 18,050 ( 0 % )                         ;
;     Dedicated logic registers     ; 153 / 36,100 ( < 1 % )                     ;
; Total registers                   ; 153                                        ;
; Total pins                        ; 113 / 176 ( 64 % )                         ;
; Total virtual pins                ; 0                                          ;
; Total block memory bits           ; 8,192 / 2,939,904 ( < 1 % )                ;
; DSP block 18-bit elements         ; 0 / 232 ( 0 % )                            ;
; Total GXB Receiver Channel PCS    ; 0 / 4 ( 0 % )                              ;
; Total GXB Receiver Channel PMA    ; 0 / 4 ( 0 % )                              ;
; Total GXB Transmitter Channel PCS ; 0 / 4 ( 0 % )                              ;
; Total GXB Transmitter Channel PMA ; 0 / 4 ( 0 % )                              ;
; Total PLLs                        ; 0 / 4 ( 0 % )                              ;
; Total DLLs                        ; 0 / 2 ( 0 % )                              ;
; Device                            ; EP2AGX45CU17I3                             ;
; Timing Models                     ; Final                                      ;
+-----------------------------------+--------------------------------------------+


+-----------------------------------------+
; Flow Settings                           ;
+-------------------+---------------------+
; Option            ; Setting             ;
+-------------------+---------------------+
; Start date & time ; 04/06/2024 17:40:52 ;
; Main task         ; Compilation         ;
; Revision Name     ; Practical5          ;
+-------------------+---------------------+


+--------------------------------------------------------------------------------------------------------------------------------------------------------------+
; Flow Non-Default Global Settings                                                                                                                             ;
+-------------------------------------+-------------------------------------------------------------------------+---------------+-------------+----------------+
; Assignment Name                     ; Value                                                                   ; Default Value ; Entity Name ; Section Id     ;
+-------------------------------------+-------------------------------------------------------------------------+---------------+-------------+----------------+
; COMPILER_SIGNATURE_ID               ; 96830612122954.171241265214824                                          ; --            ; --          ; --             ;
; EDA_GENERATE_FUNCTIONAL_NETLIST     ; On                                                                      ; --            ; --          ; eda_simulation ;
; EDA_NETLIST_WRITER_OUTPUT_DIR       ; D:/Sharif/Term4/ComputerArchitecture/Tamrin5/practical/simulation/qsim/ ; --            ; --          ; eda_simulation ;
; EDA_OUTPUT_DATA_FORMAT              ; Verilog Hdl                                                             ; --            ; --          ; eda_simulation ;
; EDA_SIMULATION_TOOL                 ; ModelSim-Altera (Verilog)                                               ; <None>        ; --          ; --             ;
; IP_TOOL_NAME                        ; LPM_DECODE                                                              ; --            ; --          ; --             ;
; IP_TOOL_NAME                        ; LPM_MUX                                                                 ; --            ; --          ; --             ;
; IP_TOOL_NAME                        ; LPM_MUX                                                                 ; --            ; --          ; --             ;
; IP_TOOL_NAME                        ; LPM_MUX                                                                 ; --            ; --          ; --             ;
; IP_TOOL_NAME                        ; LPM_MUX                                                                 ; --            ; --          ; --             ;
; IP_TOOL_NAME                        ; LPM_CLSHIFT                                                             ; --            ; --          ; --             ;
; IP_TOOL_NAME                        ; LPM_DECODE                                                              ; --            ; --          ; --             ;
; IP_TOOL_NAME                        ; LPM_COUNTER                                                             ; --            ; --          ; --             ;
; IP_TOOL_NAME                        ; LPM_MUX                                                                 ; --            ; --          ; --             ;
; IP_TOOL_NAME                        ; LPM_CONSTANT                                                            ; --            ; --          ; --             ;
; IP_TOOL_NAME                        ; LPM_COUNTER                                                             ; --            ; --          ; --             ;
; IP_TOOL_NAME                        ; LPM_DECODE                                                              ; --            ; --          ; --             ;
; IP_TOOL_NAME                        ; LPM_COUNTER                                                             ; --            ; --          ; --             ;
; IP_TOOL_VERSION                     ; 13.1                                                                    ; --            ; --          ; --             ;
; IP_TOOL_VERSION                     ; 13.1                                                                    ; --            ; --          ; --             ;
; IP_TOOL_VERSION                     ; 13.1                                                                    ; --            ; --          ; --             ;
; IP_TOOL_VERSION                     ; 13.1                                                                    ; --            ; --          ; --             ;
; IP_TOOL_VERSION                     ; 13.1                                                                    ; --            ; --          ; --             ;
; IP_TOOL_VERSION                     ; 13.1                                                                    ; --            ; --          ; --             ;
; IP_TOOL_VERSION                     ; 13.1                                                                    ; --            ; --          ; --             ;
; IP_TOOL_VERSION                     ; 13.1                                                                    ; --            ; --          ; --             ;
; IP_TOOL_VERSION                     ; 13.1                                                                    ; --            ; --          ; --             ;
; IP_TOOL_VERSION                     ; 13.1                                                                    ; --            ; --          ; --             ;
; IP_TOOL_VERSION                     ; 13.1                                                                    ; --            ; --          ; --             ;
; IP_TOOL_VERSION                     ; 13.1                                                                    ; --            ; --          ; --             ;
; IP_TOOL_VERSION                     ; 13.1                                                                    ; --            ; --          ; --             ;
; MISC_FILE                           ; ALU/CU_Decoder.bsf                                                      ; --            ; --          ; --             ;
; MISC_FILE                           ; ALU/CU_Decoder.cmp                                                      ; --            ; --          ; --             ;
; MISC_FILE                           ; digit_extend_mux.bsf                                                    ; --            ; --          ; --             ;
; MISC_FILE                           ; digit_extend_mux.cmp                                                    ; --            ; --          ; --             ;
; MISC_FILE                           ; write_register_mux.bsf                                                  ; --            ; --          ; --             ;
; MISC_FILE                           ; write_register_mux.cmp                                                  ; --            ; --          ; --             ;
; MISC_FILE                           ; DataWriteMux.bsf                                                        ; --            ; --          ; --             ;
; MISC_FILE                           ; DataWriteMux.cmp                                                        ; --            ; --          ; --             ;
; MISC_FILE                           ; ALU_SRC_MUX.bsf                                                         ; --            ; --          ; --             ;
; MISC_FILE                           ; ALU_SRC_MUX.cmp                                                         ; --            ; --          ; --             ;
; MISC_FILE                           ; SHIFT_LEFT_2.bsf                                                        ; --            ; --          ; --             ;
; MISC_FILE                           ; SHIFT_LEFT_2.cmp                                                        ; --            ; --          ; --             ;
; MISC_FILE                           ; CPU_clock_decode.bsf                                                    ; --            ; --          ; --             ;
; MISC_FILE                           ; CPU_clock_decode.cmp                                                    ; --            ; --          ; --             ;
; MISC_FILE                           ; CPU_clock_counter.bsf                                                   ; --            ; --          ; --             ;
; MISC_FILE                           ; CPU_clock_counter.cmp                                                   ; --            ; --          ; --             ;
; MISC_FILE                           ; Branch_MUX.bsf                                                          ; --            ; --          ; --             ;
; MISC_FILE                           ; Branch_MUX.cmp                                                          ; --            ; --          ; --             ;
; MISC_FILE                           ; number_seven.bsf                                                        ; --            ; --          ; --             ;
; MISC_FILE                           ; number_seven.cmp                                                        ; --            ; --          ; --             ;
; MISC_FILE                           ; CPU_clock_designer_with_multiply.bsf                                    ; --            ; --          ; --             ;
; MISC_FILE                           ; CPU_clock_designer_with_multiply.cmp                                    ; --            ; --          ; --             ;
; MISC_FILE                           ; CPU_clock_decoder_with_multiply.bsf                                     ; --            ; --          ; --             ;
; MISC_FILE                           ; CPU_clock_decoder_with_multiply.cmp                                     ; --            ; --          ; --             ;
; MISC_FILE                           ; CPU_clock_designer_13.bsf                                               ; --            ; --          ; --             ;
; MISC_FILE                           ; CPU_clock_designer_13.cmp                                               ; --            ; --          ; --             ;
; PARTITION_COLOR                     ; 16764057                                                                ; --            ; MIPS_CPU    ; Top            ;
; PARTITION_FITTER_PRESERVATION_LEVEL ; PLACEMENT_AND_ROUTING                                                   ; --            ; MIPS_CPU    ; Top            ;
; PARTITION_NETLIST_TYPE              ; SOURCE                                                                  ; --            ; MIPS_CPU    ; Top            ;
; PROJECT_OUTPUT_DIRECTORY            ; output_files                                                            ; --            ; --          ; --             ;
; TOP_LEVEL_ENTITY                    ; MIPS_CPU                                                                ; Practical5    ; --          ; --             ;
+-------------------------------------+-------------------------------------------------------------------------+---------------+-------------+----------------+


+-------------------------------------------------------------------------------------------------------------------------------+
; Flow Elapsed Time                                                                                                             ;
+---------------------------+--------------+-------------------------+---------------------+------------------------------------+
; Module Name               ; Elapsed Time ; Average Processors Used ; Peak Virtual Memory ; Total CPU Time (on all processors) ;
+---------------------------+--------------+-------------------------+---------------------+------------------------------------+
; Analysis & Synthesis      ; 00:00:06     ; 1.0                     ; 4810 MB             ; 00:00:05                           ;
; Fitter                    ; 00:00:17     ; 3.0                     ; 6238 MB             ; 00:00:30                           ;
; Assembler                 ; 00:00:04     ; 1.0                     ; 4711 MB             ; 00:00:04                           ;
; TimeQuest Timing Analyzer ; 00:00:05     ; 1.0                     ; 4937 MB             ; 00:00:05                           ;
; EDA Netlist Writer        ; 00:00:02     ; 1.0                     ; 4625 MB             ; 00:00:02                           ;
; EDA Netlist Writer        ; 00:00:02     ; 1.0                     ; 4633 MB             ; 00:00:02                           ;
; EDA Netlist Writer        ; 00:00:02     ; 1.0                     ; 4649 MB             ; 00:00:02                           ;
; Total                     ; 00:00:38     ; --                      ; --                  ; 00:00:50                           ;
+---------------------------+--------------+-------------------------+---------------------+------------------------------------+


+----------------------------------------------------------------------------------------+
; Flow OS Summary                                                                        ;
+---------------------------+------------------+-----------+------------+----------------+
; Module Name               ; Machine Hostname ; OS Name   ; OS Version ; Processor type ;
+---------------------------+------------------+-----------+------------+----------------+
; Analysis & Synthesis      ; DESKTOP-1NUEUNE  ; Windows 7 ; 6.2        ; x86_64         ;
; Fitter                    ; DESKTOP-1NUEUNE  ; Windows 7 ; 6.2        ; x86_64         ;
; Assembler                 ; DESKTOP-1NUEUNE  ; Windows 7 ; 6.2        ; x86_64         ;
; TimeQuest Timing Analyzer ; DESKTOP-1NUEUNE  ; Windows 7 ; 6.2        ; x86_64         ;
; EDA Netlist Writer        ; DESKTOP-1NUEUNE  ; Windows 7 ; 6.2        ; x86_64         ;
; EDA Netlist Writer        ; DESKTOP-1NUEUNE  ; Windows 7 ; 6.2        ; x86_64         ;
; EDA Netlist Writer        ; DESKTOP-1NUEUNE  ; Windows 7 ; 6.2        ; x86_64         ;
+---------------------------+------------------+-----------+------------+----------------+


------------
; Flow Log ;
------------
quartus_map --read_settings_files=on --write_settings_files=off Practical5 -c Practical5
quartus_fit --read_settings_files=off --write_settings_files=off Practical5 -c Practical5
quartus_asm --read_settings_files=off --write_settings_files=off Practical5 -c Practical5
quartus_sta Practical5 -c Practical5
quartus_eda --read_settings_files=off --write_settings_files=off Practical5 -c Practical5
quartus_eda --gen_testbench --check_outputs=on --tool=modelsim_oem --format=verilog Practical5 -c Practical5 --vector_source=D:/Sharif/Term4/ComputerArchitecture/Tamrin5/practical/CPU_Test2.vwf --testbench_file=D:/Sharif/Term4/ComputerArchitecture/Tamrin5/practical/simulation/qsim/CPU_Test2.vwf.vt
quartus_eda --functional=on --flatten_buses=off --simulation=on --tool=modelsim_oem --format=verilog --output_directory=D:/Sharif/Term4/ComputerArchitecture/Tamrin5/practical/simulation/qsim/ Practical5 -c Practical5



