Flow report for practical4
Sun Mar 31 12:52:03 2024
Quartus II 64-Bit Version 13.1.0 Build 162 10/23/2013 SJ Web Edition


---------------------
; Table of Contents ;
---------------------
  1. Legal Notice
  2. Flow Summary
  3. Flow Settings
  4. Flow Non-Default Global Settings
  5. Flow Elapsed Time
  6. Flow OS Summary
  7. Flow Log
  8. Flow Messages
  9. Flow Suppressed Messages



----------------
; Legal Notice ;
----------------
Copyright (C) 1991-2013 Altera Corporation
Your use of Altera Corporation's design tools, logic functions 
and other software and tools, and its AMPP partner logic 
functions, and any output files from any of the foregoing 
(including device programming or simulation files), and any 
associated documentation or information are expressly subject 
to the terms and conditions of the Altera Program License 
Subscription Agreement, Altera MegaCore Function License 
Agreement, or other applicable license agreement, including, 
without limitation, that your use is for the sole purpose of 
programming logic devices manufactured by Altera and sold by 
Altera or its authorized distributors.  Please refer to the 
applicable agreement for further details.



+--------------------------------------------------------------------------------+
; Flow Summary                                                                   ;
+-----------------------------------+--------------------------------------------+
; Flow Status                       ; Successful - Sun Mar 31 12:52:03 2024      ;
; Quartus II 64-Bit Version         ; 13.1.0 Build 162 10/23/2013 SJ Web Edition ;
; Revision Name                     ; practical4                                 ;
; Top-level Entity Name             ; RegisterFile                               ;
; Family                            ; Arria II GX                                ;
; Logic utilization                 ; < 1 %                                      ;
;     Combinational ALUTs           ; 56 / 36,100 ( < 1 % )                      ;
;     Memory ALUTs                  ; 0 / 18,050 ( 0 % )                         ;
;     Dedicated logic registers     ; 80 / 36,100 ( < 1 % )                      ;
; Total registers                   ; 80                                         ;
; Total pins                        ; 43 / 176 ( 24 % )                          ;
; Total virtual pins                ; 0                                          ;
; Total block memory bits           ; 0 / 2,939,904 ( 0 % )                      ;
; DSP block 18-bit elements         ; 0 / 232 ( 0 % )                            ;
; Total GXB Receiver Channel PCS    ; 0 / 4 ( 0 % )                              ;
; Total GXB Receiver Channel PMA    ; 0 / 4 ( 0 % )                              ;
; Total GXB Transmitter Channel PCS ; 0 / 4 ( 0 % )                              ;
; Total GXB Transmitter Channel PMA ; 0 / 4 ( 0 % )                              ;
; Total PLLs                        ; 0 / 4 ( 0 % )                              ;
; Total DLLs                        ; 0 / 2 ( 0 % )                              ;
; Device                            ; EP2AGX45CU17I3                             ;
; Timing Models                     ; Final                                      ;
+-----------------------------------+--------------------------------------------+


+-----------------------------------------+
; Flow Settings                           ;
+-------------------+---------------------+
; Option            ; Setting             ;
+-------------------+---------------------+
; Start date & time ; 03/31/2024 12:51:19 ;
; Main task         ; Compilation         ;
; Revision Name     ; practical4          ;
+-------------------+---------------------+


+---------------------------------------------------------------------------------------------------------------------------------------------------------------+
; Flow Non-Default Global Settings                                                                                                                              ;
+-------------------------------------+-------------------------------------------------------------------------+---------------+--------------+----------------+
; Assignment Name                     ; Value                                                                   ; Default Value ; Entity Name  ; Section Id     ;
+-------------------------------------+-------------------------------------------------------------------------+---------------+--------------+----------------+
; COMPILER_SIGNATURE_ID               ; 96830612122954.171187687902444                                          ; --            ; --           ; --             ;
; EDA_GENERATE_FUNCTIONAL_NETLIST     ; On                                                                      ; --            ; --           ; eda_simulation ;
; EDA_NETLIST_WRITER_OUTPUT_DIR       ; D:/Sharif/Term4/ComputerArchitecture/Tamrin4/Practical/simulation/qsim/ ; --            ; --           ; eda_simulation ;
; EDA_OUTPUT_DATA_FORMAT              ; Verilog Hdl                                                             ; --            ; --           ; eda_simulation ;
; EDA_SIMULATION_TOOL                 ; ModelSim-Altera (Verilog)                                               ; <None>        ; --           ; --             ;
; IP_TOOL_NAME                        ; LPM_MUX                                                                 ; --            ; --           ; --             ;
; IP_TOOL_NAME                        ; LPM_DECODE                                                              ; --            ; --           ; --             ;
; IP_TOOL_NAME                        ; LPM_DECODE                                                              ; --            ; --           ; --             ;
; IP_TOOL_VERSION                     ; 13.1                                                                    ; --            ; --           ; --             ;
; IP_TOOL_VERSION                     ; 13.1                                                                    ; --            ; --           ; --             ;
; IP_TOOL_VERSION                     ; 13.1                                                                    ; --            ; --           ; --             ;
; MISC_FILE                           ; lpm_mux0.bsf                                                            ; --            ; --           ; --             ;
; MISC_FILE                           ; lpm_mux0.cmp                                                            ; --            ; --           ; --             ;
; MISC_FILE                           ; lpm_decode0.bsf                                                         ; --            ; --           ; --             ;
; MISC_FILE                           ; lpm_decode0.cmp                                                         ; --            ; --           ; --             ;
; MISC_FILE                           ; lpm_decode1.bsf                                                         ; --            ; --           ; --             ;
; MISC_FILE                           ; lpm_decode1.cmp                                                         ; --            ; --           ; --             ;
; PARTITION_COLOR                     ; 16764057                                                                ; --            ; RegisterFile ; Top            ;
; PARTITION_FITTER_PRESERVATION_LEVEL ; PLACEMENT_AND_ROUTING                                                   ; --            ; RegisterFile ; Top            ;
; PARTITION_NETLIST_TYPE              ; SOURCE                                                                  ; --            ; RegisterFile ; Top            ;
; PROJECT_OUTPUT_DIRECTORY            ; output_files                                                            ; --            ; --           ; --             ;
; TOP_LEVEL_ENTITY                    ; RegisterFile                                                            ; practical4    ; --           ; --             ;
+-------------------------------------+-------------------------------------------------------------------------+---------------+--------------+----------------+


+-------------------------------------------------------------------------------------------------------------------------------+
; Flow Elapsed Time                                                                                                             ;
+---------------------------+--------------+-------------------------+---------------------+------------------------------------+
; Module Name               ; Elapsed Time ; Average Processors Used ; Peak Virtual Memory ; Total CPU Time (on all processors) ;
+---------------------------+--------------+-------------------------+---------------------+------------------------------------+
; Analysis & Synthesis      ; 00:00:02     ; 1.0                     ; 4782 MB             ; 00:00:02                           ;
; Fitter                    ; 00:00:09     ; 2.9                     ; 6230 MB             ; 00:00:16                           ;
; Assembler                 ; 00:00:03     ; 1.0                     ; 4702 MB             ; 00:00:03                           ;
; TimeQuest Timing Analyzer ; 00:00:03     ; 1.0                     ; 4934 MB             ; 00:00:03                           ;
; EDA Netlist Writer        ; 00:00:01     ; 1.0                     ; 4618 MB             ; 00:00:01                           ;
; EDA Netlist Writer        ; 00:00:01     ; 1.0                     ; 4626 MB             ; 00:00:01                           ;
; EDA Netlist Writer        ; 00:00:02     ; 1.0                     ; 4635 MB             ; 00:00:01                           ;
; Total                     ; 00:00:21     ; --                      ; --                  ; 00:00:27                           ;
+---------------------------+--------------+-------------------------+---------------------+------------------------------------+


+----------------------------------------------------------------------------------------+
; Flow OS Summary                                                                        ;
+---------------------------+------------------+-----------+------------+----------------+
; Module Name               ; Machine Hostname ; OS Name   ; OS Version ; Processor type ;
+---------------------------+------------------+-----------+------------+----------------+
; Analysis & Synthesis      ; DESKTOP-1NUEUNE  ; Windows 7 ; 6.2        ; x86_64         ;
; Fitter                    ; DESKTOP-1NUEUNE  ; Windows 7 ; 6.2        ; x86_64         ;
; Assembler                 ; DESKTOP-1NUEUNE  ; Windows 7 ; 6.2        ; x86_64         ;
; TimeQuest Timing Analyzer ; DESKTOP-1NUEUNE  ; Windows 7 ; 6.2        ; x86_64         ;
; EDA Netlist Writer        ; DESKTOP-1NUEUNE  ; Windows 7 ; 6.2        ; x86_64         ;
; EDA Netlist Writer        ; DESKTOP-1NUEUNE  ; Windows 7 ; 6.2        ; x86_64         ;
; EDA Netlist Writer        ; DESKTOP-1NUEUNE  ; Windows 7 ; 6.2        ; x86_64         ;
+---------------------------+------------------+-----------+------------+----------------+


------------
; Flow Log ;
------------
quartus_map --read_settings_files=on --write_settings_files=off practical4 -c practical4
quartus_fit --read_settings_files=off --write_settings_files=off practical4 -c practical4
quartus_asm --read_settings_files=off --write_settings_files=off practical4 -c practical4
quartus_sta practical4 -c practical4
quartus_eda --read_settings_files=off --write_settings_files=off practical4 -c practical4
quartus_eda --gen_testbench --check_outputs=on --tool=modelsim_oem --format=verilog practical4 -c practical4 --vector_source=D:/Sharif/Term4/ComputerArchitecture/Tamrin4/Practical/RegisterFileTest.vwf --testbench_file=D:/Sharif/Term4/ComputerArchitecture/Tamrin4/Practical/simulation/qsim/RegisterFileTest.vwf.vt
quartus_eda --functional=on --flatten_buses=off --simulation=on --tool=modelsim_oem --format=verilog --output_directory=D:/Sharif/Term4/ComputerArchitecture/Tamrin4/Practical/simulation/qsim/ practical4 -c practical4



